<?xml version="1.0" encoding="UTF-8" standalone="yes"?><!DOCTYPE report PUBLIC "-//JACOCO//DTD Report 1.1//EN" "report.dtd"><report name="parking-system"><sessioninfo id="DESKTOP-C6IP038-e78d05a4" start="1736773727256" dump="1736773728350"/><sessioninfo id="DESKTOP-C6IP038-10902eb8" start="1736773730747" dump="1736773733560"/><sessioninfo id="DESKTOP-C6IP038-4b7bde5b" start="1736773739403" dump="1736773740451"/><sessioninfo id="DESKTOP-C6IP038-17b93ff6" start="1736773748947" dump="1736773750051"/></report>