<?xml version="1.0" encoding="UTF-8" standalone="yes"?><!DOCTYPE report PUBLIC "-//JACOCO//DTD Report 1.1//EN" "report.dtd"><report name="parking-system"><sessioninfo id="DESKTOP-C6IP038-3f16eebb" start="1736345417127" dump="1736345418381"/><sessioninfo id="DESKTOP-C6IP038-49434d3c" start="1736345420790" dump="1736345422498"/><sessioninfo id="DESKTOP-C6IP038-7aff17a9" start="1736345428846" dump="1736345429973"/><sessioninfo id="DESKTOP-C6IP038-44e7d51e" start="1736345432482" dump="1736345434061"/><sessioninfo id="DESKTOP-C6IP038-a1691fb2" start="1736345440303" dump="1736345441433"/><sessioninfo id="DESKTOP-C6IP038-52006b72" start="1736345637173" dump="1736345638354"/><sessioninfo id="DESKTOP-C6IP038-f3e8ffa3" start="1736345759329" dump="1736345760498"/><sessioninfo id="DESKTOP-C6IP038-47955648" start="1736346351159" dump="1736346352402"/><sessioninfo id="DESKTOP-C6IP038-31999775" start="1736346374479" dump="1736346375712"/><sessioninfo id="DESKTOP-C6IP038-6ffffbf2" start="1736346758728" dump="1736346760000"/><sessioninfo id="DESKTOP-C6IP038-431dd23" start="1736346931192" dump="1736346932416"/><sessioninfo id="DESKTOP-C6IP038-ec7c68a" start="1736346993696" dump="1736346994941"/><sessioninfo id="DESKTOP-C6IP038-ff1d68bc" start="1736347113342" dump="1736347114570"/><sessioninfo id="DESKTOP-C6IP038-bfb51570" start="1736347117085" dump="1736347118693"/><sessioninfo id="DESKTOP-C6IP038-d64e3a64" start="1736348806682" dump="1736348807952"/><sessioninfo id="DESKTOP-C6IP038-5ba1895f" start="1736348810517" dump="1736348813478"/><sessioninfo id="DESKTOP-C6IP038-445b22c1" start="1736348892427" dump="1736348893680"/><sessioninfo id="DESKTOP-C6IP038-55fe9153" start="1736348896214" dump="1736348898990"/><sessioninfo id="DESKTOP-C6IP038-ba7aacc7" start="1736348926846" dump="1736348927957"/><sessioninfo id="DESKTOP-C6IP038-6d7d717e" start="1736348930471" dump="1736348933113"/><sessioninfo id="DESKTOP-C6IP038-e9e900fa" start="1736349111793" dump="1736349112865"/><sessioninfo id="DESKTOP-C6IP038-b02d3e43" start="1736349115417" dump="1736349118085"/><sessioninfo id="DESKTOP-C6IP038-db1c83dd" start="1736349221778" dump="1736349222889"/></report>